0 info it worked if it ends with ok
1 verbose cli [ '/Users/justin/.nvm/versions/node/v6.11.0/bin/node',
1 verbose cli   '/Users/justin/.nvm/versions/node/v6.11.0/bin/npm',
1 verbose cli   'i' ]
2 info using npm@3.10.10
3 info using node@v6.11.0
4 silly loadCurrentTree Starting
5 silly install loadCurrentTree
6 silly install readLocalPackageData
7 silly install normalizeTree
8 silly loadCurrentTree Finishing
9 silly loadIdealTree Starting
10 silly install loadIdealTree
11 silly cloneCurrentTree Starting
12 silly install cloneCurrentTreeToIdealTree
13 silly cloneCurrentTree Finishing
14 silly loadShrinkwrap Starting
15 silly install loadShrinkwrap
16 silly loadShrinkwrap Finishing
17 silly loadAllDepsIntoIdealTree Starting
18 silly install loadAllDepsIntoIdealTree
19 silly loadAllDepsIntoIdealTree Finishing
20 silly loadIdealTree Finishing
21 silly currentTree @bitovi/learn-typescript@1.0.0
21 silly currentTree ├── @types/mocha@5.2.7
21 silly currentTree ├── @types/node@10.14.13
21 silly currentTree ├── ansi-green@0.1.1
21 silly currentTree ├── ansi-wrap@0.1.0
21 silly currentTree ├── arg@4.1.1
21 silly currentTree ├── arr-union@3.1.0
21 silly currentTree ├── async-array-reduce@0.2.1
21 silly currentTree ├── async-each@1.0.3
21 silly currentTree ├── balanced-match@1.0.0
21 silly currentTree ├── bluebird@3.5.5
21 silly currentTree ├── brace-expansion@1.1.11
21 silly currentTree ├── browser-stdout@1.3.1
21 silly currentTree ├── buffer-from@1.1.1
21 silly currentTree ├── clone-stats@0.0.1
21 silly currentTree ├── clone@1.0.4
21 silly currentTree ├── commander@2.15.1
21 silly currentTree ├── concat-map@0.0.1
21 silly currentTree ├── copy@0.3.2
21 silly currentTree ├── core-util-is@1.0.2
21 silly currentTree ├── debug@3.1.0
21 silly currentTree ├── define-property@0.2.5
21 silly currentTree ├── diff@3.5.0
21 silly currentTree ├── escape-string-regexp@1.0.5
21 silly currentTree ├── expand-tilde@1.2.2
21 silly currentTree ├── extend-shallow@2.0.1
21 silly currentTree ├── file-contents@0.3.2
21 silly currentTree ├── file-stat@0.2.3
21 silly currentTree ├── fs-exists-sync@0.1.0
21 silly currentTree ├── fs.realpath@1.0.0
21 silly currentTree ├── glob-parent@2.0.0
21 silly currentTree ├── glob@7.1.4
21 silly currentTree ├── global-modules@0.2.3
21 silly currentTree ├── global-prefix@0.1.5
21 silly currentTree ├── graceful-fs@4.2.0
21 silly currentTree ├── growl@1.10.5
21 silly currentTree ├── has-flag@3.0.0
21 silly currentTree ├── has-glob@0.1.1
21 silly currentTree ├── he@1.1.1
21 silly currentTree ├── homedir-polyfill@1.0.3
21 silly currentTree ├── inflight@1.0.6
21 silly currentTree ├── inherits@2.0.4
21 silly currentTree ├── ini@1.3.5
21 silly currentTree ├── is-absolute@0.2.6
21 silly currentTree ├─┬ is-accessor-descriptor@0.1.6
21 silly currentTree │ └── kind-of@3.2.2
21 silly currentTree ├── is-buffer@1.1.6
21 silly currentTree ├─┬ is-data-descriptor@0.1.4
21 silly currentTree │ └── kind-of@3.2.2
21 silly currentTree ├── is-descriptor@0.1.6
21 silly currentTree ├── is-extendable@0.1.1
21 silly currentTree ├── is-extglob@1.0.0
21 silly currentTree ├── is-glob@2.0.1
21 silly currentTree ├── is-relative@0.2.1
21 silly currentTree ├── is-unc-path@0.1.2
21 silly currentTree ├── is-utf8@0.2.1
21 silly currentTree ├── is-valid-glob@0.3.0
21 silly currentTree ├── is-windows@0.2.0
21 silly currentTree ├── isarray@1.0.0
21 silly currentTree ├── isexe@2.0.0
21 silly currentTree ├── isobject@2.1.0
21 silly currentTree ├── kind-of@5.1.0
21 silly currentTree ├── lazy-cache@2.0.2
21 silly currentTree ├── log-ok@0.1.1
21 silly currentTree ├── make-error@1.3.5
21 silly currentTree ├── matched@0.4.4
21 silly currentTree ├── minimatch@3.0.4
21 silly currentTree ├── minimist@0.0.8
21 silly currentTree ├── mkdirp@0.5.1
21 silly currentTree ├─┬ mocha@5.2.0
21 silly currentTree │ └── glob@7.1.2
21 silly currentTree ├── ms@2.0.0
21 silly currentTree ├── once@1.4.0
21 silly currentTree ├── os-homedir@1.0.2
21 silly currentTree ├── parse-passwd@1.0.0
21 silly currentTree ├── path-is-absolute@1.0.1
21 silly currentTree ├── process-nextick-args@2.0.1
21 silly currentTree ├── readable-stream@2.3.6
21 silly currentTree ├── replace-ext@0.0.1
21 silly currentTree ├── resolve-dir@0.1.1
21 silly currentTree ├── safe-buffer@5.1.2
21 silly currentTree ├── semver@6.2.0
21 silly currentTree ├── set-getter@0.1.0
21 silly currentTree ├── source-map-support@0.5.12
21 silly currentTree ├── source-map@0.6.1
21 silly currentTree ├── string_decoder@1.1.1
21 silly currentTree ├── strip-bom-buffer@0.1.1
21 silly currentTree ├── strip-bom-string@0.1.2
21 silly currentTree ├── success-symbol@0.1.0
21 silly currentTree ├── supports-color@5.4.0
21 silly currentTree ├── through2@2.0.5
21 silly currentTree ├─┬ to-file@0.2.0
21 silly currentTree │ ├─┬ file-contents@0.2.4
21 silly currentTree │ │ └── lazy-cache@0.2.7
21 silly currentTree │ └─┬ file-stat@0.1.3
21 silly currentTree │   └── lazy-cache@0.2.7
21 silly currentTree ├─┬ to-object-path@0.3.0
21 silly currentTree │ └── kind-of@3.2.2
21 silly currentTree ├─┬ ts-node@8.3.0
21 silly currentTree │ └── diff@4.0.1
21 silly currentTree ├── typescript@3.5.3
21 silly currentTree ├── unc-path-regex@0.1.2
21 silly currentTree ├── util-deprecate@1.0.2
21 silly currentTree ├── vinyl@1.2.0
21 silly currentTree ├── which@1.3.1
21 silly currentTree ├── wrappy@1.0.2
21 silly currentTree ├── xtend@4.0.2
21 silly currentTree └── yn@3.1.0
22 silly idealTree @bitovi/learn-typescript@1.0.0
22 silly idealTree ├── @types/mocha@5.2.7
22 silly idealTree ├── @types/node@10.14.13
22 silly idealTree ├── ansi-green@0.1.1
22 silly idealTree ├── ansi-wrap@0.1.0
22 silly idealTree ├── arg@4.1.1
22 silly idealTree ├── arr-union@3.1.0
22 silly idealTree ├── async-array-reduce@0.2.1
22 silly idealTree ├── async-each@1.0.3
22 silly idealTree ├── balanced-match@1.0.0
22 silly idealTree ├── bluebird@3.5.5
22 silly idealTree ├── brace-expansion@1.1.11
22 silly idealTree ├── browser-stdout@1.3.1
22 silly idealTree ├── buffer-from@1.1.1
22 silly idealTree ├── clone-stats@0.0.1
22 silly idealTree ├── clone@1.0.4
22 silly idealTree ├── commander@2.15.1
22 silly idealTree ├── concat-map@0.0.1
22 silly idealTree ├── copy@0.3.2
22 silly idealTree ├── core-util-is@1.0.2
22 silly idealTree ├── debug@3.1.0
22 silly idealTree ├── define-property@0.2.5
22 silly idealTree ├── diff@3.5.0
22 silly idealTree ├── escape-string-regexp@1.0.5
22 silly idealTree ├── expand-tilde@1.2.2
22 silly idealTree ├── extend-shallow@2.0.1
22 silly idealTree ├── file-contents@0.3.2
22 silly idealTree ├── file-stat@0.2.3
22 silly idealTree ├── fs-exists-sync@0.1.0
22 silly idealTree ├── fs.realpath@1.0.0
22 silly idealTree ├── glob-parent@2.0.0
22 silly idealTree ├── glob@7.1.4
22 silly idealTree ├── global-modules@0.2.3
22 silly idealTree ├── global-prefix@0.1.5
22 silly idealTree ├── graceful-fs@4.2.0
22 silly idealTree ├── growl@1.10.5
22 silly idealTree ├── has-flag@3.0.0
22 silly idealTree ├── has-glob@0.1.1
22 silly idealTree ├── he@1.1.1
22 silly idealTree ├── homedir-polyfill@1.0.3
22 silly idealTree ├── inflight@1.0.6
22 silly idealTree ├── inherits@2.0.4
22 silly idealTree ├── ini@1.3.5
22 silly idealTree ├── is-absolute@0.2.6
22 silly idealTree ├─┬ is-accessor-descriptor@0.1.6
22 silly idealTree │ └── kind-of@3.2.2
22 silly idealTree ├── is-buffer@1.1.6
22 silly idealTree ├─┬ is-data-descriptor@0.1.4
22 silly idealTree │ └── kind-of@3.2.2
22 silly idealTree ├── is-descriptor@0.1.6
22 silly idealTree ├── is-extendable@0.1.1
22 silly idealTree ├── is-extglob@1.0.0
22 silly idealTree ├── is-glob@2.0.1
22 silly idealTree ├── is-relative@0.2.1
22 silly idealTree ├── is-unc-path@0.1.2
22 silly idealTree ├── is-utf8@0.2.1
22 silly idealTree ├── is-valid-glob@0.3.0
22 silly idealTree ├── is-windows@0.2.0
22 silly idealTree ├── isarray@1.0.0
22 silly idealTree ├── isexe@2.0.0
22 silly idealTree ├── isobject@2.1.0
22 silly idealTree ├── kind-of@5.1.0
22 silly idealTree ├── lazy-cache@2.0.2
22 silly idealTree ├── log-ok@0.1.1
22 silly idealTree ├── make-error@1.3.5
22 silly idealTree ├── matched@0.4.4
22 silly idealTree ├── minimatch@3.0.4
22 silly idealTree ├── minimist@0.0.8
22 silly idealTree ├── mkdirp@0.5.1
22 silly idealTree ├─┬ mocha@5.2.0
22 silly idealTree │ └── glob@7.1.2
22 silly idealTree ├── ms@2.0.0
22 silly idealTree ├── once@1.4.0
22 silly idealTree ├── os-homedir@1.0.2
22 silly idealTree ├── parse-passwd@1.0.0
22 silly idealTree ├── path-is-absolute@1.0.1
22 silly idealTree ├── process-nextick-args@2.0.1
22 silly idealTree ├── readable-stream@2.3.6
22 silly idealTree ├── replace-ext@0.0.1
22 silly idealTree ├── resolve-dir@0.1.1
22 silly idealTree ├── safe-buffer@5.1.2
22 silly idealTree ├── semver@6.2.0
22 silly idealTree ├── set-getter@0.1.0
22 silly idealTree ├── source-map-support@0.5.12
22 silly idealTree ├── source-map@0.6.1
22 silly idealTree ├── string_decoder@1.1.1
22 silly idealTree ├── strip-bom-buffer@0.1.1
22 silly idealTree ├── strip-bom-string@0.1.2
22 silly idealTree ├── success-symbol@0.1.0
22 silly idealTree ├── supports-color@5.4.0
22 silly idealTree ├── through2@2.0.5
22 silly idealTree ├─┬ to-file@0.2.0
22 silly idealTree │ ├─┬ file-contents@0.2.4
22 silly idealTree │ │ └── lazy-cache@0.2.7
22 silly idealTree │ └─┬ file-stat@0.1.3
22 silly idealTree │   └── lazy-cache@0.2.7
22 silly idealTree ├─┬ to-object-path@0.3.0
22 silly idealTree │ └── kind-of@3.2.2
22 silly idealTree ├─┬ ts-node@8.3.0
22 silly idealTree │ └── diff@4.0.1
22 silly idealTree ├── typescript@3.5.3
22 silly idealTree ├── unc-path-regex@0.1.2
22 silly idealTree ├── util-deprecate@1.0.2
22 silly idealTree ├── vinyl@1.2.0
22 silly idealTree ├── which@1.3.1
22 silly idealTree ├── wrappy@1.0.2
22 silly idealTree ├── xtend@4.0.2
22 silly idealTree └── yn@3.1.0
23 silly generateActionsToTake Starting
24 silly install generateActionsToTake
25 silly generateActionsToTake Finishing
26 silly diffTrees action count 0
27 silly decomposeActions action count 0
28 silly runTopLevelLifecycles Starting
29 silly install runPreinstallTopLevelLifecycles
30 silly preinstall @bitovi/learn-typescript@1.0.0 /Users/justin/dev/learn-typescript/@bitovi/learn-typescript-3ed148cd
31 info lifecycle @bitovi/learn-typescript@1.0.0~preinstall: @bitovi/learn-typescript@1.0.0
32 silly lifecycle @bitovi/learn-typescript@1.0.0~preinstall: no script for preinstall, continuing
33 silly executeActions Starting
34 silly install executeActions
35 silly doSerial global-install 0
36 silly doParallel fetch 0
37 verbose correctMkdir /Users/justin/.npm/_locks correctMkdir not in flight; initializing
38 verbose lock using /Users/justin/.npm/_locks/staging-efe2896175701c49.lock for /Users/justin/dev/learn-typescript/node_modules/.staging
39 silly doParallel extract 0
40 silly doParallel preinstall 0
41 silly doReverseSerial remove 0
42 silly doSerial move 0
43 silly doSerial finalize 0
44 silly doSerial build 0
45 silly doSerial global-link 0
46 silly doParallel update-linked 0
47 silly doSerial install 0
48 silly doSerial postinstall 0
49 verbose unlock done using /Users/justin/.npm/_locks/staging-efe2896175701c49.lock for /Users/justin/dev/learn-typescript/node_modules/.staging
50 silly executeActions Finishing
51 silly rollbackFailedOptional Starting
52 silly rollbackFailedOptional Finishing
53 silly install runPostinstallTopLevelLifecycles
54 silly build @bitovi/learn-typescript@1.0.0
55 info linkStuff @bitovi/learn-typescript@1.0.0
56 silly linkStuff @bitovi/learn-typescript@1.0.0 has /Users/justin as its parent node_modules
57 verbose linkBins @bitovi/learn-typescript@1.0.0
58 verbose linkMans @bitovi/learn-typescript@1.0.0
59 silly install @bitovi/learn-typescript@1.0.0 /Users/justin/dev/learn-typescript/@bitovi/learn-typescript-3ed148cd
60 info lifecycle @bitovi/learn-typescript@1.0.0~install: @bitovi/learn-typescript@1.0.0
61 silly lifecycle @bitovi/learn-typescript@1.0.0~install: no script for install, continuing
62 silly postinstall @bitovi/learn-typescript@1.0.0 /Users/justin/dev/learn-typescript/@bitovi/learn-typescript-3ed148cd
63 info lifecycle @bitovi/learn-typescript@1.0.0~postinstall: @bitovi/learn-typescript@1.0.0
64 verbose lifecycle @bitovi/learn-typescript@1.0.0~postinstall: unsafe-perm in lifecycle true
65 verbose lifecycle @bitovi/learn-typescript@1.0.0~postinstall: PATH: /Users/justin/.nvm/versions/node/v6.11.0/lib/node_modules/npm/bin/node-gyp-bin:/Users/justin/dev/learn-typescript/node_modules/.bin:/Users/justin/.nvm/versions/node/v6.11.0/bin:/usr/bin:/bin:/usr/sbin:/sbin:/usr/local/bin:/usr/local/opt/android-sdk/platform-tools:/usr/local/opt/android-sdk/tools
66 verbose lifecycle @bitovi/learn-typescript@1.0.0~postinstall: CWD: /Users/justin/dev/learn-typescript
67 silly lifecycle @bitovi/learn-typescript@1.0.0~postinstall: Args: [ '-c', 'node ./lib/check-node-version.js' ]
68 silly lifecycle @bitovi/learn-typescript@1.0.0~postinstall: Returned: code: 1  signal: null
69 info lifecycle @bitovi/learn-typescript@1.0.0~postinstall: Failed to exec postinstall script
70 verbose stack Error: @bitovi/learn-typescript@1.0.0 postinstall: `node ./lib/check-node-version.js`
70 verbose stack Exit status 1
70 verbose stack     at EventEmitter.<anonymous> (/Users/justin/.nvm/versions/node/v6.11.0/lib/node_modules/npm/lib/utils/lifecycle.js:255:16)
70 verbose stack     at emitTwo (events.js:106:13)
70 verbose stack     at EventEmitter.emit (events.js:191:7)
70 verbose stack     at ChildProcess.<anonymous> (/Users/justin/.nvm/versions/node/v6.11.0/lib/node_modules/npm/lib/utils/spawn.js:40:14)
70 verbose stack     at emitTwo (events.js:106:13)
70 verbose stack     at ChildProcess.emit (events.js:191:7)
70 verbose stack     at maybeClose (internal/child_process.js:891:16)
70 verbose stack     at Process.ChildProcess._handle.onexit (internal/child_process.js:226:5)
71 verbose pkgid @bitovi/learn-typescript@1.0.0
72 verbose cwd /Users/justin/dev/learn-typescript
73 error Darwin 18.6.0
74 error argv "/Users/justin/.nvm/versions/node/v6.11.0/bin/node" "/Users/justin/.nvm/versions/node/v6.11.0/bin/npm" "i"
75 error node v6.11.0
76 error npm  v3.10.10
77 error code ELIFECYCLE
78 error @bitovi/learn-typescript@1.0.0 postinstall: `node ./lib/check-node-version.js`
78 error Exit status 1
79 error Failed at the @bitovi/learn-typescript@1.0.0 postinstall script 'node ./lib/check-node-version.js'.
79 error Make sure you have the latest version of node.js and npm installed.
79 error If you do, this is most likely a problem with the @bitovi/learn-typescript package,
79 error not with npm itself.
79 error Tell the author that this fails on your system:
79 error     node ./lib/check-node-version.js
79 error You can get information on how to open an issue for this project with:
79 error     npm bugs @bitovi/learn-typescript
79 error Or if that isn't available, you can get their info via:
79 error     npm owner ls @bitovi/learn-typescript
79 error There is likely additional logging output above.
80 verbose exit [ 1, true ]
